<?xml version="1.0" encoding="UTF-8"?>
<!-- Generated by org.testng.reporters.JUnitReportReporter -->
<testsuite skipped="0" hostname="DESKTOP-MATE1O4" name="TestCases.SearchNewCarTest" tests="1" failures="0" timestamp="28 Nov 2020 09:50:50 GMT" time="171.866" errors="0">
  <testcase name="SearchTest" time="171.866" classname="TestCases.SearchNewCarTest"/>
</testsuite> <!-- TestCases.SearchNewCarTest -->
