<?xml version="1.0" encoding="UTF-8"?>
<!-- Generated by org.testng.reporters.JUnitReportReporter -->
<testsuite skipped="0" hostname="DESKTOP-MATE1O4" name="TestCases.SearchNewCarTest" tests="1" failures="0" timestamp="29 Nov 2020 10:36:31 GMT" time="222.643" errors="0">
  <testcase name="SearchTest" time="222.643" classname="TestCases.SearchNewCarTest"/>
</testsuite> <!-- TestCases.SearchNewCarTest -->
