<?xml version="1.0" encoding="UTF-8"?>
<!-- Generated by org.testng.reporters.JUnitReportReporter -->
<testsuite skipped="0" hostname="DESKTOP-MATE1O4" name="TestCases.AddingAdTest" tests="1" failures="0" timestamp="29 Nov 2020 10:36:31 GMT" time="206.088" errors="0">
  <testcase name="AddingNewAdTest" time="206.088" classname="TestCases.AddingAdTest"/>
</testsuite> <!-- TestCases.AddingAdTest -->
